[0m2021.12.09 12:25:40 INFO  Started: Metals version 0.10.9 in workspace 'C:\Users\Aneesha2\Desktop\Data Science\Data Viz\bonus2' for client Visual Studio Code 1.62.3.[0m
[0m2021.12.09 12:25:42 INFO  time: initialize in 1.49s[0m
[0m2021.12.09 12:25:42 WARN  Build server is not auto-connectable.[0m
[0m2021.12.09 12:25:42 WARN  no build tool detected in workspace 'C:\Users\Aneesha2\Desktop\Data Science\Data Viz\bonus2'. The most common cause for this problem is that the editor was opened in the wrong working directory, for example if you use sbt then the workspace directory should contain build.sbt. [0m
Dec 09, 2021 12:26:35 PM org.eclipse.lsp4j.jsonrpc.services.GenericEndpoint notify
INFO: Unsupported notification method: $/setTrace
Dec 09, 2021 12:28:28 PM org.eclipse.lsp4j.jsonrpc.services.GenericEndpoint notify
INFO: Unsupported notification method: $/setTrace
Dec 09, 2021 12:33:18 PM org.eclipse.lsp4j.jsonrpc.services.GenericEndpoint notify
INFO: Unsupported notification method: $/setTrace
Dec 09, 2021 12:34:13 PM org.eclipse.lsp4j.jsonrpc.services.GenericEndpoint notify
INFO: Unsupported notification method: $/setTrace
Dec 09, 2021 12:35:27 PM org.eclipse.lsp4j.jsonrpc.services.GenericEndpoint notify
INFO: Unsupported notification method: $/setTrace
Dec 09, 2021 12:36:24 PM org.eclipse.lsp4j.jsonrpc.services.GenericEndpoint notify
INFO: Unsupported notification method: $/setTrace
Dec 09, 2021 12:49:49 PM org.eclipse.lsp4j.jsonrpc.services.GenericEndpoint notify
INFO: Unsupported notification method: $/setTrace
Dec 09, 2021 3:13:29 PM org.eclipse.lsp4j.jsonrpc.services.GenericEndpoint notify
INFO: Unsupported notification method: $/setTrace
[0m2021.12.09 17:34:27 INFO  shutting down Metals[0m
